# JRE version: Java(TM) SE Runtime Environment (8.0_111-b14) (build 1.8.0_111-b14)
# Java VM: Java HotSpot(TM) Client VM (25.111-b14 mixed mode windows-x86 )
Heap:
 def new generation   total 13248K, used 5998K [0x0f200000, 0x10060000, 0x14750000)
  eden space 11776K,  50% used [0x0f200000, 0x0f7dbb50, 0x0fd80000)
  from space 1472K,   0% used [0x0fd80000, 0x0fd80000, 0x0fef0000)
  to   space 1472K,   0% used [0x0fef0000, 0x0fef0000, 0x10060000)
 tenured generation   total 29192K, used 17515K [0x14750000, 0x163d2000, 0x1f200000)
   the space 29192K,  59% used [0x14750000, 0x1586ac50, 0x1586ae00, 0x163d2000)
 Metaspace       used 15707K, capacity 15926K, committed 16128K, reserved 16768K
GC Heap History (10 events):
Event: 2.847 GC heap before
{Heap before GC invocations=20 (full 1):
 def new generation   total 7872K, used 7220K [0x0f200000, 0x0fa80000, 0x14750000)
  eden space 7040K, 100% used [0x0f200000, 0x0f8e0000, 0x0f8e0000)
  from space 832K,  21% used [0x0f8e0000, 0x0f90d140, 0x0f9b0000)
  to   space 832K,   0% used [0x0f9b0000, 0x0f9b0000, 0x0fa80000)
 tenured generation   total 17200K, used 13150K [0x14750000, 0x1581c000, 0x1f200000)
   the space 17200K,  76% used [0x14750000, 0x154279a0, 0x15427a00, 0x1581c000)
 Metaspace       used 13812K, capacity 14018K, committed 14208K, reserved 14720K
Event: 2.848 GC heap after
Heap after GC invocations=21 (full 1):
 def new generation   total 7872K, used 177K [0x0f200000, 0x0fa80000, 0x14750000)
  eden space 7040K,   0% used [0x0f200000, 0x0f200000, 0x0f8e0000)
  from space 832K,  21% used [0x0f9b0000, 0x0f9dc600, 0x0fa80000)
  to   space 832K,   0% used [0x0f8e0000, 0x0f8e0000, 0x0f9b0000)
 tenured generation   total 17200K, used 13150K [0x14750000, 0x1581c000, 0x1f200000)
   the space 17200K,  76% used [0x14750000, 0x154279a0, 0x15427a00, 0x1581c000)
 Metaspace       used 13812K, capacity 14018K, committed 14208K, reserved 14720K
}
Event: 2.897 GC heap before
{Heap before GC invocations=21 (full 1):
 def new generation   total 7872K, used 7217K [0x0f200000, 0x0fa80000, 0x14750000)
  eden space 7040K, 100% used [0x0f200000, 0x0f8e0000, 0x0f8e0000)
  from space 832K,  21% used [0x0f9b0000, 0x0f9dc600, 0x0fa80000)
  to   space 832K,   0% used [0x0f8e0000, 0x0f8e0000, 0x0f9b0000)
 tenured generation   total 17200K, used 13150K [0x14750000, 0x1581c000, 0x1f200000)
   the space 17200K,  76% used [0x14750000, 0x154279a0, 0x15427a00, 0x1581c000)
 Metaspace       used 13812K, capacity 14018K, committed 14208K, reserved 14720K
Event: 2.898 GC heap after
Heap after GC invocations=22 (full 1):
 def new generation   total 7872K, used 177K [0x0f200000, 0x0fa80000, 0x14750000)
  eden space 7040K,   0% used [0x0f200000, 0x0f200000, 0x0f8e0000)
  from space 832K,  21% used [0x0f8e0000, 0x0f90c5a0, 0x0f9b0000)
  to   space 832K,   0% used [0x0f9b0000, 0x0f9b0000, 0x0fa80000)
 tenured generation   total 17200K, used 13150K [0x14750000, 0x1581c000, 0x1f200000)
   the space 17200K,  76% used [0x14750000, 0x154279a0, 0x15427a00, 0x1581c000)
 Metaspace       used 13812K, capacity 14018K, committed 14208K, reserved 14720K
}
Event: 2.991 GC heap before
{Heap before GC invocations=22 (full 1):
 def new generation   total 7872K, used 7217K [0x0f200000, 0x0fa80000, 0x14750000)
  eden space 7040K, 100% used [0x0f200000, 0x0f8e0000, 0x0f8e0000)
  from space 832K,  21% used [0x0f8e0000, 0x0f90c5a0, 0x0f9b0000)
  to   space 832K,   0% used [0x0f9b0000, 0x0f9b0000, 0x0fa80000)
 tenured generation   total 17200K, used 13150K [0x14750000, 0x1581c000, 0x1f200000)
   the space 17200K,  76% used [0x14750000, 0x154279a0, 0x15427a00, 0x1581c000)
 Metaspace       used 13974K, capacity 14178K, committed 14336K, reserved 14720K
Event: 2.993 GC heap after
Heap after GC invocations=23 (full 1):
 def new generation   total 7872K, used 295K [0x0f200000, 0x0fa80000, 0x14750000)
  eden space 7040K,   0% used [0x0f200000, 0x0f200000, 0x0f8e0000)
  from space 832K,  35% used [0x0f9b0000, 0x0f9f9d78, 0x0fa80000)
  to   space 832K,   0% used [0x0f8e0000, 0x0f8e0000, 0x0f9b0000)
 tenured generation   total 17200K, used 13150K [0x14750000, 0x1581c000, 0x1f200000)
   the space 17200K,  76% used [0x14750000, 0x154279a0, 0x15427a00, 0x1581c000)
 Metaspace       used 13974K, capacity 14178K, committed 14336K, reserved 14720K
}
Event: 3.356 GC heap before
{Heap before GC invocations=23 (full 1):
 def new generation   total 7872K, used 7335K [0x0f200000, 0x0fa80000, 0x14750000)
  eden space 7040K, 100% used [0x0f200000, 0x0f8e0000, 0x0f8e0000)
  from space 832K,  35% used [0x0f9b0000, 0x0f9f9d78, 0x0fa80000)
  to   space 832K,   0% used [0x0f8e0000, 0x0f8e0000, 0x0f9b0000)
 tenured generation   total 17200K, used 13150K [0x14750000, 0x1581c000, 0x1f200000)
   the space 17200K,  76% used [0x14750000, 0x154279a0, 0x15427a00, 0x1581c000)
 Metaspace       used 15166K, capacity 15382K, committed 15616K, reserved 15744K
Event: 3.363 GC heap after
Heap after GC invocations=24 (full 1):
 def new generation   total 7872K, used 832K [0x0f200000, 0x0fa80000, 0x14750000)
  eden space 7040K,   0% used [0x0f200000, 0x0f200000, 0x0f8e0000)
  from space 832K, 100% used [0x0f8e0000, 0x0f9b0000, 0x0f9b0000)
  to   space 832K,   0% used [0x0f9b0000, 0x0f9b0000, 0x0fa80000)
 tenured generation   total 17200K, used 14452K [0x14750000, 0x1581c000, 0x1f200000)
   the space 17200K,  84% used [0x14750000, 0x1556d078, 0x1556d200, 0x1581c000)
 Metaspace       used 15166K, capacity 15382K, committed 15616K, reserved 15744K
}
Event: 3.480 GC heap before
{Heap before GC invocations=24 (full 1):
 def new generation   total 7872K, used 6126K [0x0f200000, 0x0fa80000, 0x14750000)
  eden space 7040K,  75% used [0x0f200000, 0x0f72b9c0, 0x0f8e0000)
  from space 832K, 100% used [0x0f8e0000, 0x0f9b0000, 0x0f9b0000)
  to   space 832K,   0% used [0x0f9b0000, 0x0f9b0000, 0x0fa80000)
 tenured generation   total 17200K, used 14452K [0x14750000, 0x1581c000, 0x1f200000)
   the space 17200K,  84% used [0x14750000, 0x1556d078, 0x1556d200, 0x1581c000)
 Metaspace       used 15405K, capacity 15606K, committed 15744K, reserved 15744K
Event: 3.519 GC heap after
Heap after GC invocations=25 (full 2):
 def new generation   total 13248K, used 0K [0x0f200000, 0x10060000, 0x14750000)
  eden space 11776K,   0% used [0x0f200000, 0x0f200000, 0x0fd80000)
  from space 1472K,   0% used [0x0fd80000, 0x0fd80000, 0x0fef0000)
  to   space 1472K,   0% used [0x0fef0000, 0x0fef0000, 0x10060000)
 tenured generation   total 29192K, used 17515K [0x14750000, 0x163d2000, 0x1f200000)
   the space 29192K,  59% used [0x14750000, 0x1586ac50, 0x1586ae00, 0x163d2000)
 Metaspace       used 15405K, capacity 15606K, committed 15744K, reserved 15744K
}

