# JRE version: Java(TM) SE Runtime Environment (8.0_111-b14) (build 1.8.0_111-b14)
# Java VM: Java HotSpot(TM) Client VM (25.111-b14 mixed mode windows-x86 )
Heap:
 def new generation   total 15488K, used 610K [0x0f200000, 0x102c0000, 0x14750000)
  eden space 13824K,   4% used [0x0f200000, 0x0f2988e8, 0x0ff80000)
  from space 1664K,   0% used [0x0ff80000, 0x0ff80000, 0x10120000)
  to   space 1664K,   0% used [0x10120000, 0x10120000, 0x102c0000)
 tenured generation   total 33992K, used 20393K [0x14750000, 0x16882000, 0x1f200000)
   the space 33992K,  59% used [0x14750000, 0x15b3a580, 0x15b3a600, 0x16882000)
 Metaspace       used 15921K, capacity 16132K, committed 16384K, reserved 16768K
GC Heap History (10 events):
Event: 3.242 GC heap before
{Heap before GC invocations=19 (full 1):
 def new generation   total 8448K, used 7733K [0x0f200000, 0x0fb20000, 0x14750000)
  eden space 7552K, 100% used [0x0f200000, 0x0f960000, 0x0f960000)
  from space 896K,  20% used [0x0f960000, 0x0f98d430, 0x0fa40000)
  to   space 896K,   0% used [0x0fa40000, 0x0fa40000, 0x0fb20000)
 tenured generation   total 18416K, used 13616K [0x14750000, 0x1594c000, 0x1f200000)
   the space 18416K,  73% used [0x14750000, 0x1549c340, 0x1549c400, 0x1594c000)
 Metaspace       used 13811K, capacity 14018K, committed 14208K, reserved 14720K
Event: 3.243 GC heap after
Heap after GC invocations=20 (full 1):
 def new generation   total 8448K, used 178K [0x0f200000, 0x0fb20000, 0x14750000)
  eden space 7552K,   0% used [0x0f200000, 0x0f200000, 0x0f960000)
  from space 896K,  19% used [0x0fa40000, 0x0fa6c890, 0x0fb20000)
  to   space 896K,   0% used [0x0f960000, 0x0f960000, 0x0fa40000)
 tenured generation   total 18416K, used 13616K [0x14750000, 0x1594c000, 0x1f200000)
   the space 18416K,  73% used [0x14750000, 0x1549c340, 0x1549c400, 0x1594c000)
 Metaspace       used 13811K, capacity 14018K, committed 14208K, reserved 14720K
}
Event: 3.293 GC heap before
{Heap before GC invocations=20 (full 1):
 def new generation   total 8448K, used 7730K [0x0f200000, 0x0fb20000, 0x14750000)
  eden space 7552K, 100% used [0x0f200000, 0x0f960000, 0x0f960000)
  from space 896K,  19% used [0x0fa40000, 0x0fa6c890, 0x0fb20000)
  to   space 896K,   0% used [0x0f960000, 0x0f960000, 0x0fa40000)
 tenured generation   total 18416K, used 13616K [0x14750000, 0x1594c000, 0x1f200000)
   the space 18416K,  73% used [0x14750000, 0x1549c340, 0x1549c400, 0x1594c000)
 Metaspace       used 13811K, capacity 14018K, committed 14208K, reserved 14720K
Event: 3.294 GC heap after
Heap after GC invocations=21 (full 1):
 def new generation   total 8448K, used 178K [0x0f200000, 0x0fb20000, 0x14750000)
  eden space 7552K,   0% used [0x0f200000, 0x0f200000, 0x0f960000)
  from space 896K,  19% used [0x0f960000, 0x0f98c890, 0x0fa40000)
  to   space 896K,   0% used [0x0fa40000, 0x0fa40000, 0x0fb20000)
 tenured generation   total 18416K, used 13616K [0x14750000, 0x1594c000, 0x1f200000)
   the space 18416K,  73% used [0x14750000, 0x1549c340, 0x1549c400, 0x1594c000)
 Metaspace       used 13811K, capacity 14018K, committed 14208K, reserved 14720K
}
Event: 3.556 GC heap before
{Heap before GC invocations=21 (full 1):
 def new generation   total 8448K, used 7730K [0x0f200000, 0x0fb20000, 0x14750000)
  eden space 7552K, 100% used [0x0f200000, 0x0f960000, 0x0f960000)
  from space 896K,  19% used [0x0f960000, 0x0f98c890, 0x0fa40000)
  to   space 896K,   0% used [0x0fa40000, 0x0fa40000, 0x0fb20000)
 tenured generation   total 18416K, used 13616K [0x14750000, 0x1594c000, 0x1f200000)
   the space 18416K,  73% used [0x14750000, 0x1549c340, 0x1549c400, 0x1594c000)
 Metaspace       used 14547K, capacity 14724K, committed 14848K, reserved 15744K
Event: 3.561 GC heap after
Heap after GC invocations=22 (full 1):
 def new generation   total 8448K, used 896K [0x0f200000, 0x0fb20000, 0x14750000)
  eden space 7552K,   0% used [0x0f200000, 0x0f200000, 0x0f960000)
  from space 896K, 100% used [0x0fa40000, 0x0fb20000, 0x0fb20000)
  to   space 896K,   0% used [0x0f960000, 0x0f960000, 0x0fa40000)
 tenured generation   total 18416K, used 13852K [0x14750000, 0x1594c000, 0x1f200000)
   the space 18416K,  75% used [0x14750000, 0x154d7178, 0x154d7200, 0x1594c000)
 Metaspace       used 14547K, capacity 14724K, committed 14848K, reserved 15744K
}
Event: 3.797 GC heap before
{Heap before GC invocations=22 (full 1):
 def new generation   total 8448K, used 7893K [0x0f200000, 0x0fb20000, 0x14750000)
  eden space 7552K,  92% used [0x0f200000, 0x0f8d55a8, 0x0f960000)
  from space 896K, 100% used [0x0fa40000, 0x0fb20000, 0x0fb20000)
  to   space 896K,   0% used [0x0f960000, 0x0f960000, 0x0fa40000)
 tenured generation   total 18416K, used 13852K [0x14750000, 0x1594c000, 0x1f200000)
   the space 18416K,  75% used [0x14750000, 0x154d7178, 0x154d7200, 0x1594c000)
 Metaspace       used 15404K, capacity 15606K, committed 15744K, reserved 15744K
Event: 3.806 GC heap after
Heap after GC invocations=23 (full 1):
 def new generation   total 8448K, used 896K [0x0f200000, 0x0fb20000, 0x14750000)
  eden space 7552K,   0% used [0x0f200000, 0x0f200000, 0x0f960000)
  from space 896K, 100% used [0x0f960000, 0x0fa40000, 0x0fa40000)
  to   space 896K,   0% used [0x0fa40000, 0x0fa40000, 0x0fb20000)
 tenured generation   total 18416K, used 16526K [0x14750000, 0x1594c000, 0x1f200000)
   the space 18416K,  89% used [0x14750000, 0x15773970, 0x15773a00, 0x1594c000)
 Metaspace       used 15404K, capacity 15606K, committed 15744K, reserved 15744K
}
Event: 6.312 GC heap before
{Heap before GC invocations=23 (full 1):
 def new generation   total 8448K, used 8448K [0x0f200000, 0x0fb20000, 0x14750000)
  eden space 7552K, 100% used [0x0f200000, 0x0f960000, 0x0f960000)
  from space 896K, 100% used [0x0f960000, 0x0fa40000, 0x0fa40000)
  to   space 896K,   0% used [0x0fa40000, 0x0fa40000, 0x0fb20000)
 tenured generation   total 18416K, used 16526K [0x14750000, 0x1594c000, 0x1f200000)
   the space 18416K,  89% used [0x14750000, 0x15773970, 0x15773a00, 0x1594c000)
 Metaspace       used 15889K, capacity 16118K, committed 16256K, reserved 16768K
Event: 6.374 GC heap after
Heap after GC invocations=24 (full 2):
 def new generation   total 15488K, used 0K [0x0f200000, 0x102c0000, 0x14750000)
  eden space 13824K,   0% used [0x0f200000, 0x0f200000, 0x0ff80000)
  from space 1664K,   0% used [0x0ff80000, 0x0ff80000, 0x10120000)
  to   space 1664K,   0% used [0x10120000, 0x10120000, 0x102c0000)
 tenured generation   total 33992K, used 20393K [0x14750000, 0x16882000, 0x1f200000)
   the space 33992K,  59% used [0x14750000, 0x15b3a580, 0x15b3a600, 0x16882000)
 Metaspace       used 15883K, capacity 16100K, committed 16256K, reserved 16768K
}

