# JRE version: Java(TM) SE Runtime Environment (8.0_111-b14) (build 1.8.0_111-b14)
# Java VM: Java HotSpot(TM) Client VM (25.111-b14 mixed mode windows-x86 )
Heap:
 def new generation   total 15424K, used 840K [0x0f200000, 0x102b0000, 0x14750000)
  eden space 13760K,   6% used [0x0f200000, 0x0f2d22d8, 0x0ff70000)
  from space 1664K,   0% used [0x0ff70000, 0x0ff70000, 0x10110000)
  to   space 1664K,   0% used [0x10110000, 0x10110000, 0x102b0000)
 tenured generation   total 33956K, used 20371K [0x14750000, 0x16879000, 0x1f200000)
   the space 33956K,  59% used [0x14750000, 0x15b34d18, 0x15b34e00, 0x16879000)
 Metaspace       used 15922K, capacity 16132K, committed 16384K, reserved 16768K
GC Heap History (10 events):
Event: 3.417 GC heap before
{Heap before GC invocations=19 (full 1):
 def new generation   total 8448K, used 7735K [0x0f200000, 0x0fb20000, 0x14750000)
  eden space 7552K, 100% used [0x0f200000, 0x0f960000, 0x0f960000)
  from space 896K,  20% used [0x0f960000, 0x0f98df38, 0x0fa40000)
  to   space 896K,   0% used [0x0fa40000, 0x0fa40000, 0x0fb20000)
 tenured generation   total 18436K, used 13591K [0x14750000, 0x15951000, 0x1f200000)
   the space 18436K,  73% used [0x14750000, 0x15495e20, 0x15496000, 0x15951000)
 Metaspace       used 13809K, capacity 14018K, committed 14208K, reserved 14720K
Event: 3.418 GC heap after
Heap after GC invocations=20 (full 1):
 def new generation   total 8448K, used 181K [0x0f200000, 0x0fb20000, 0x14750000)
  eden space 7552K,   0% used [0x0f200000, 0x0f200000, 0x0f960000)
  from space 896K,  20% used [0x0fa40000, 0x0fa6d5b0, 0x0fb20000)
  to   space 896K,   0% used [0x0f960000, 0x0f960000, 0x0fa40000)
 tenured generation   total 18436K, used 13591K [0x14750000, 0x15951000, 0x1f200000)
   the space 18436K,  73% used [0x14750000, 0x15495e20, 0x15496000, 0x15951000)
 Metaspace       used 13809K, capacity 14018K, committed 14208K, reserved 14720K
}
Event: 3.473 GC heap before
{Heap before GC invocations=20 (full 1):
 def new generation   total 8448K, used 7733K [0x0f200000, 0x0fb20000, 0x14750000)
  eden space 7552K, 100% used [0x0f200000, 0x0f960000, 0x0f960000)
  from space 896K,  20% used [0x0fa40000, 0x0fa6d5b0, 0x0fb20000)
  to   space 896K,   0% used [0x0f960000, 0x0f960000, 0x0fa40000)
 tenured generation   total 18436K, used 13591K [0x14750000, 0x15951000, 0x1f200000)
   the space 18436K,  73% used [0x14750000, 0x15495e20, 0x15496000, 0x15951000)
 Metaspace       used 13809K, capacity 14018K, committed 14208K, reserved 14720K
Event: 3.474 GC heap after
Heap after GC invocations=21 (full 1):
 def new generation   total 8448K, used 181K [0x0f200000, 0x0fb20000, 0x14750000)
  eden space 7552K,   0% used [0x0f200000, 0x0f200000, 0x0f960000)
  from space 896K,  20% used [0x0f960000, 0x0f98d720, 0x0fa40000)
  to   space 896K,   0% used [0x0fa40000, 0x0fa40000, 0x0fb20000)
 tenured generation   total 18436K, used 13591K [0x14750000, 0x15951000, 0x1f200000)
   the space 18436K,  73% used [0x14750000, 0x15495e20, 0x15496000, 0x15951000)
 Metaspace       used 13809K, capacity 14018K, committed 14208K, reserved 14720K
}
Event: 3.781 GC heap before
{Heap before GC invocations=21 (full 1):
 def new generation   total 8448K, used 7733K [0x0f200000, 0x0fb20000, 0x14750000)
  eden space 7552K, 100% used [0x0f200000, 0x0f960000, 0x0f960000)
  from space 896K,  20% used [0x0f960000, 0x0f98d720, 0x0fa40000)
  to   space 896K,   0% used [0x0fa40000, 0x0fa40000, 0x0fb20000)
 tenured generation   total 18436K, used 13591K [0x14750000, 0x15951000, 0x1f200000)
   the space 18436K,  73% used [0x14750000, 0x15495e20, 0x15496000, 0x15951000)
 Metaspace       used 14547K, capacity 14724K, committed 14848K, reserved 15744K
Event: 3.785 GC heap after
Heap after GC invocations=22 (full 1):
 def new generation   total 8448K, used 896K [0x0f200000, 0x0fb20000, 0x14750000)
  eden space 7552K,   0% used [0x0f200000, 0x0f200000, 0x0f960000)
  from space 896K, 100% used [0x0fa40000, 0x0fb20000, 0x0fb20000)
  to   space 896K,   0% used [0x0f960000, 0x0f960000, 0x0fa40000)
 tenured generation   total 18436K, used 13833K [0x14750000, 0x15951000, 0x1f200000)
   the space 18436K,  75% used [0x14750000, 0x154d2408, 0x154d2600, 0x15951000)
 Metaspace       used 14547K, capacity 14724K, committed 14848K, reserved 15744K
}
Event: 4.064 GC heap before
{Heap before GC invocations=22 (full 1):
 def new generation   total 8448K, used 7882K [0x0f200000, 0x0fb20000, 0x14750000)
  eden space 7552K,  92% used [0x0f200000, 0x0f8d2bf8, 0x0f960000)
  from space 896K, 100% used [0x0fa40000, 0x0fb20000, 0x0fb20000)
  to   space 896K,   0% used [0x0f960000, 0x0f960000, 0x0fa40000)
 tenured generation   total 18436K, used 13833K [0x14750000, 0x15951000, 0x1f200000)
   the space 18436K,  75% used [0x14750000, 0x154d2408, 0x154d2600, 0x15951000)
 Metaspace       used 15405K, capacity 15606K, committed 15744K, reserved 15744K
Event: 4.072 GC heap after
Heap after GC invocations=23 (full 1):
 def new generation   total 8448K, used 896K [0x0f200000, 0x0fb20000, 0x14750000)
  eden space 7552K,   0% used [0x0f200000, 0x0f200000, 0x0f960000)
  from space 896K, 100% used [0x0f960000, 0x0fa40000, 0x0fa40000)
  to   space 896K,   0% used [0x0fa40000, 0x0fa40000, 0x0fb20000)
 tenured generation   total 18436K, used 16514K [0x14750000, 0x15951000, 0x1f200000)
   the space 18436K,  89% used [0x14750000, 0x15770828, 0x15770a00, 0x15951000)
 Metaspace       used 15405K, capacity 15606K, committed 15744K, reserved 15744K
}
Event: 7.358 GC heap before
{Heap before GC invocations=23 (full 1):
 def new generation   total 8448K, used 8448K [0x0f200000, 0x0fb20000, 0x14750000)
  eden space 7552K, 100% used [0x0f200000, 0x0f960000, 0x0f960000)
  from space 896K, 100% used [0x0f960000, 0x0fa40000, 0x0fa40000)
  to   space 896K,   0% used [0x0fa40000, 0x0fa40000, 0x0fb20000)
 tenured generation   total 18436K, used 16514K [0x14750000, 0x15951000, 0x1f200000)
   the space 18436K,  89% used [0x14750000, 0x15770828, 0x15770a00, 0x15951000)
 Metaspace       used 15825K, capacity 16022K, committed 16256K, reserved 16768K
Event: 7.448 GC heap after
Heap after GC invocations=24 (full 2):
 def new generation   total 15424K, used 0K [0x0f200000, 0x102b0000, 0x14750000)
  eden space 13760K,   0% used [0x0f200000, 0x0f200000, 0x0ff70000)
  from space 1664K,   0% used [0x0ff70000, 0x0ff70000, 0x10110000)
  to   space 1664K,   0% used [0x10110000, 0x10110000, 0x102b0000)
 tenured generation   total 33956K, used 20371K [0x14750000, 0x16879000, 0x1f200000)
   the space 33956K,  59% used [0x14750000, 0x15b34d18, 0x15b34e00, 0x16879000)
 Metaspace       used 15819K, capacity 16004K, committed 16256K, reserved 16768K
}

